\BOOKMARK [0][-]{chapter.1}{Introduction}{}% 1
\BOOKMARK [0][-]{chapter.2}{Synthesis of Past Research}{}% 2
\BOOKMARK [1][-]{section.2.1}{Overview}{chapter.2}% 3
\BOOKMARK [1][-]{section.2.2}{Mantle Processes}{chapter.2}% 4
\BOOKMARK [1][-]{section.2.3}{Surface Processes}{chapter.2}% 5
\BOOKMARK [1][-]{section.2.4}{Predicting geological observations}{chapter.2}% 6
\BOOKMARK [1][-]{section.2.5}{Summary}{chapter.2}% 7
\BOOKMARK [0][-]{chapter.3}{Perspectives}{}% 8
\BOOKMARK [1][-]{section.3.1}{Short-Term Research Perspectives}{chapter.3}% 9
\BOOKMARK [1][-]{section.3.2}{Long-Term Research Perspectives}{chapter.3}% 10
\BOOKMARK [0][-]{chapter.4}{R\350sum\351}{}% 11
\BOOKMARK [1][-]{section*.3}{Education}{chapter.4}% 12
\BOOKMARK [1][-]{section*.4}{Employment History}{chapter.4}% 13
\BOOKMARK [1][-]{section*.5}{Funding}{chapter.4}% 14
\BOOKMARK [1][-]{section*.6}{Awards}{chapter.4}% 15
\BOOKMARK [1][-]{section*.7}{PhD Supervision}{chapter.4}% 16
\BOOKMARK [1][-]{section*.8}{Masters and Undergraduate Supervision}{chapter.4}% 17
\BOOKMARK [1][-]{section*.9}{Teaching}{chapter.4}% 18
\BOOKMARK [1][-]{section*.10}{Selected Invited Presentations}{chapter.4}% 19
\BOOKMARK [1][-]{section*.11}{Selected Oral Conference Presentations}{chapter.4}% 20
\BOOKMARK [1][-]{section*.12}{Invited Seminars}{chapter.4}% 21
\BOOKMARK [1][-]{section*.13}{List of publications}{chapter.4}% 22
\BOOKMARK [0][-]{appendix.A}{Example Publications Part 1: Mantle}{}% 23
\BOOKMARK [0][-]{appendix.B}{Example Publications Part 2: Surface}{}% 24
